Bootstrapping Spring Data JPA repositories in DEFAULT mode.
Finished Spring Data repository scanning in 245 ms. Found 2 JPA repository interfaces.
Tomcat initialized with port(s): 8300 (http)
Initializing ProtocolHandler ["http-nio-8300"]
Starting service [Tomcat]
Starting Servlet engine: [Apache Tomcat/9.0.54]
Initializing Spring embedded WebApplicationContext
Root WebApplicationContext: initialization completed in 11695 ms
HikariPool-1 - Starting...
Registered driver with driverClassName=com.mysql.jdbc.Driver was not found, trying direct instantiation.
HikariPool-1 - Start completed.
HHH000204: Processing PersistenceUnitInfo [name: default]
HHH000412: Hibernate ORM core version 5.4.32.Final
HCANN000001: Hibernate Commons Annotations {5.1.2.Final}
HHH000400: Using dialect: org.hibernate.dialect.MySQLDialect
HHH000490: Using JtaPlatform implementation: [org.hibernate.engine.transaction.jta.platform.internal.NoJtaPlatform]
Initialized JPA EntityManagerFactory for persistence unit 'default'
spring.jpa.open-in-view is enabled by default. Therefore, database queries may be performed during view rendering. Explicitly configure spring.jpa.open-in-view to disable this warning
Starting ProtocolHandler ["http-nio-8300"]
Tomcat started on port(s): 8300 (http) with context path ''
Initializing Spring DispatcherServlet 'dispatcherServlet'
Initializing Servlet 'dispatcherServlet'
Completed initialization in 1 ms
Application shutdown requested.
Closing JPA EntityManagerFactory for persistence unit 'default'
HikariPool-1 - Shutdown initiated...
HikariPool-1 - Shutdown completed.
Bootstrapping Spring Data JPA repositories in DEFAULT mode.
Finished Spring Data repository scanning in 102 ms. Found 2 JPA repository interfaces.
Tomcat initialized with port(s): 8300 (http)
Initializing ProtocolHandler ["http-nio-8300"]
Starting service [Tomcat]
Starting Servlet engine: [Apache Tomcat/9.0.54]
Initializing Spring embedded WebApplicationContext
Root WebApplicationContext: initialization completed in 3915 ms
HikariPool-1 - Starting...
Registered driver with driverClassName=com.mysql.jdbc.Driver was not found, trying direct instantiation.
HikariPool-1 - Start completed.
HHH000204: Processing PersistenceUnitInfo [name: default]
HHH000412: Hibernate ORM core version 5.4.32.Final
HCANN000001: Hibernate Commons Annotations {5.1.2.Final}
HHH000400: Using dialect: org.hibernate.dialect.MySQLDialect
HHH000490: Using JtaPlatform implementation: [org.hibernate.engine.transaction.jta.platform.internal.NoJtaPlatform]
Initialized JPA EntityManagerFactory for persistence unit 'default'
spring.jpa.open-in-view is enabled by default. Therefore, database queries may be performed during view rendering. Explicitly configure spring.jpa.open-in-view to disable this warning
Starting ProtocolHandler ["http-nio-8300"]
Tomcat started on port(s): 8300 (http) with context path ''
HikariPool-1 - Thread starvation or clock leap detected (housekeeper delta=1h54m39s764ms425µs400ns).
Application shutdown requested.
Closing JPA EntityManagerFactory for persistence unit 'default'
HikariPool-1 - Shutdown initiated...
HikariPool-1 - Shutdown completed.
